<?xml version="1.0" encoding="UTF-8"?>
<!-- Generated by org.testng.reporters.JUnitReportReporter -->
<testsuite hostname="Vikesh" failures="0" tests="1" name="SauceDemo_TestNG.test002" time="0.873" errors="0" timestamp="2025-10-15T00:11:03 IST" skipped="0">
  <testcase classname="SauceDemo_TestNG.test002" name="read_the_credential" time="0.873"/>
</testsuite> <!-- SauceDemo_TestNG.test002 -->
