<?xml version="1.0" encoding="UTF-8"?>
<!-- Generated by org.testng.reporters.JUnitReportReporter -->
<testsuite hostname="Vikesh" failures="0" tests="10" name="SauceDemo_TestNG.test001" time="2.362" errors="0" timestamp="2025-10-15T00:11:03 IST" skipped="0">
  <testcase classname="SauceDemo_TestNG.test001" name="validating_the_Title" time="0.018"/>
  <testcase classname="SauceDemo_TestNG.test001" name="validating_the_URL" time="0.018"/>
  <testcase classname="SauceDemo_TestNG.test001" name="read_the_credential" time="0.932"/>
  <testcase classname="SauceDemo_TestNG.test001" name="Validating_the_DropDown" time="0.338"/>
  <testcase classname="SauceDemo_TestNG.test001" name="Clicking_the_first_product" time="0.079"/>
  <testcase classname="SauceDemo_TestNG.test001" name="clicking_the_add_to_cart" time="0.173"/>
  <testcase classname="SauceDemo_TestNG.test001" name="add_to_cart_page_and_checkout" time="0.108"/>
  <testcase classname="SauceDemo_TestNG.test001" name="checkout_Details" time="0.316"/>
  <testcase classname="SauceDemo_TestNG.test001" name="summary_Page" time="0.355"/>
  <testcase classname="SauceDemo_TestNG.test001" name="order_placed_msg" time="0.025"/>
</testsuite> <!-- SauceDemo_TestNG.test001 -->
